<?xml version="1.0" encoding="UTF-8"?>
<testsuites name="TCS_login" time="721.891" tests="4" failures="3" errors="0">
   <testsuite name="TCS_login" tests="4" failures="3" errors="0" time="721.891" skipped="0" timestamp="2022-08-10 01:46:49" hostname="WINDOWS 10 - MSI" id="Test Suites/TCS_login">
      <properties>
         <property name="deviceName" value=""/>
         <property name="devicePlatform" value=""/>
         <property name="logFolder" value="C:\\Users\\WINDOWS 10\\Katalon Studio\\Saucedemo Test\\Saucedemo Test\\Reports\\20220810_014647\\TCS_login\\20220810_014647"/>
         <property name="logFiles" value="C:\\Users\\WINDOWS 10\\Katalon Studio\\Saucedemo Test\\Saucedemo Test\\Reports\\20220810_014647\\TCS_login\\20220810_014647\\execution0.log"/>
         <property name="attachments" value="C:\\Users\\WINDOWS 10\\Katalon Studio\\Saucedemo Test\\Saucedemo Test\\Reports\\20220810_014647\\TCS_login\\20220810_014647\\1660070916443.png, C:\\Users\\WINDOWS 10\\Katalon Studio\\Saucedemo Test\\Saucedemo Test\\Reports\\20220810_014647\\TCS_login\\20220810_014647\\1660070916662.png, C:\\Users\\WINDOWS 10\\Katalon Studio\\Saucedemo Test\\Saucedemo Test\\Reports\\20220810_014647\\TCS_login\\20220810_014647\\1660070984164.png, C:\\Users\\WINDOWS 10\\Katalon Studio\\Saucedemo Test\\Saucedemo Test\\Reports\\20220810_014647\\TCS_login\\20220810_014647\\1660070984298.png, C:\\Users\\WINDOWS 10\\Katalon Studio\\Saucedemo Test\\Saucedemo Test\\Reports\\20220810_014647\\TCS_login\\20220810_014647\\1660071051542.png, C:\\Users\\WINDOWS 10\\Katalon Studio\\Saucedemo Test\\Saucedemo Test\\Reports\\20220810_014647\\TCS_login\\20220810_014647\\1660071051687.png, C:\\Users\\WINDOWS 10\\Katalon Studio\\Saucedemo Test\\Saucedemo Test\\Reports\\20220810_014647\\TCS_login\\20220810_014647\\1660071118476.png, C:\\Users\\WINDOWS 10\\Katalon Studio\\Saucedemo Test\\Saucedemo Test\\Reports\\20220810_014647\\TCS_login\\20220810_014647\\1660071118595.png, C:\\Users\\WINDOWS 10\\Katalon Studio\\Saucedemo Test\\Saucedemo Test\\Reports\\20220810_014647\\TCS_login\\20220810_014647\\1660071155064.png, C:\\Users\\WINDOWS 10\\Katalon Studio\\Saucedemo Test\\Saucedemo Test\\Reports\\20220810_014647\\TCS_login\\20220810_014647\\1660071190550.png, C:\\Users\\WINDOWS 10\\Katalon Studio\\Saucedemo Test\\Saucedemo Test\\Reports\\20220810_014647\\TCS_login\\20220810_014647\\1660071225861.png, C:\\Users\\WINDOWS 10\\Katalon Studio\\Saucedemo Test\\Saucedemo Test\\Reports\\20220810_014647\\TCS_login\\20220810_014647\\1660071261354.png, C:\\Users\\WINDOWS 10\\Katalon Studio\\Saucedemo Test\\Saucedemo Test\\Reports\\20220810_014647\\TCS_login\\20220810_014647\\1660071330372.png, C:\\Users\\WINDOWS 10\\Katalon Studio\\Saucedemo Test\\Saucedemo Test\\Reports\\20220810_014647\\TCS_login\\20220810_014647\\1660071330487.png, C:\\Users\\WINDOWS 10\\Katalon Studio\\Saucedemo Test\\Saucedemo Test\\Reports\\20220810_014647\\TCS_login\\20220810_014647\\1660071397365.png, C:\\Users\\WINDOWS 10\\Katalon Studio\\Saucedemo Test\\Saucedemo Test\\Reports\\20220810_014647\\TCS_login\\20220810_014647\\1660071397509.png, C:\\Users\\WINDOWS 10\\Katalon Studio\\Saucedemo Test\\Saucedemo Test\\Reports\\20220810_014647\\TCS_login\\20220810_014647\\1660071464426.png, C:\\Users\\WINDOWS 10\\Katalon Studio\\Saucedemo Test\\Saucedemo Test\\Reports\\20220810_014647\\TCS_login\\20220810_014647\\1660071464551.png, C:\\Users\\WINDOWS 10\\Katalon Studio\\Saucedemo Test\\Saucedemo Test\\Reports\\20220810_014647\\TCS_login\\20220810_014647\\1660071531432.png, C:\\Users\\WINDOWS 10\\Katalon Studio\\Saucedemo Test\\Saucedemo Test\\Reports\\20220810_014647\\TCS_login\\20220810_014647\\1660071531563.png"/>
         <property name="hostName" value="WINDOWS 10 - MSI"/>
         <property name="os" value="Windows 10 64bit"/>
         <property name="katalonVersion" value="8.4.0.208"/>
         <property name="browser" value="Chrome 103.0.5060.134"/>
         <property name="hostAddress" value="192.168.1.4"/>
         <property name="sessionId" value="4e48abaf3f68a6b68610cf3c2efa0ab8"/>
         <property name="seleniumVersion" value="3.141.59"/>
         <property name="proxyInformation" value="ProxyInformation { proxyOption=NO_PROXY, proxyServerType=HTTP, username=, password=********, proxyServerAddress=, proxyServerPort=0, executionList=&quot;&quot;, isApplyToDesiredCapabilities=true }"/>
         <property name="platform" value="Windows 10"/>
      </properties>
      <testcase name="Test Cases/TC_Login/TC-01 Input valid Username and valid Password" time="39.057" classname="Test Cases/TC_Login/TC-01 Input valid Username and valid Password" status="PASSED">
         <system-out><![CDATA[2022-08-10 01:46:50 - [TEST_CASE][PASSED] - Test Cases/TC_Login/TC-01 Input valid Username and valid Password: Test Cases/TC_Login/TC-01 Input valid Username and valid Password

2022-08-10 01:46:50 - [TEST_STEP][PASSED] - openBrowser(""): Browser is opened with url: ''

2022-08-10 01:46:50 - [MESSAGE][INFO] - Starting 'Chrome' driver

2022-08-10 01:46:50 - [MESSAGE][INFO] - Action delay is set to 0 milliseconds

2022-08-10 01:46:52 - [MESSAGE][PASSED] - Browser is opened with url: ''

2022-08-10 01:46:52 - [TEST_STEP][PASSED] - navigateToUrl("https://www.saucedemo.com/"): Navigate to 'https://www.saucedemo.com/' successfully

2022-08-10 01:46:53 - [MESSAGE][PASSED] - Navigate to 'https://www.saucedemo.com/' successfully

2022-08-10 01:46:53 - [TEST_STEP][PASSED] - setText(findTestObject("Login/TC-01/TC-01/input_standard_userlocked_out_"), "standard_user"): Text 'standard_user' is set on object 'Object Repository/Login/TC-01/TC-01/input_standard_userlocked_out_'

2022-08-10 01:46:53 - [MESSAGE][PASSED] - Text 'standard_user' is set on object 'Object Repository/Login/TC-01/TC-01/input_standard_userlocked_out_'

2022-08-10 01:46:53 - [TEST_STEP][PASSED] - setEncryptedText(findTestObject("Login/TC-01/TC-01/input_standard_userlocked_out__1"), "qcu24s4901FyWDTwXGr6XA=="): Text ****** has been set on object 'Object Repository/Login/TC-01/TC-01/input_standard_userlocked_out__1'

2022-08-10 01:46:54 - [MESSAGE][PASSED] - Text ****** has been set on object 'Object Repository/Login/TC-01/TC-01/input_standard_userlocked_out__1'

2022-08-10 01:46:54 - [TEST_STEP][PASSED] - click(findTestObject("Login/TC-01/TC-01/input_standard_userlocked_out__3")): Object: 'Object Repository/Login/TC-01/TC-01/input_standard_userlocked_out__3' is clicked on

2022-08-10 01:47:25 - [MESSAGE][INFO] - Unable to find the element located by 'By.xpath: //input[@value='LOGIN']'. Please recheck the objects properties to make sure the desired element is located. 

2022-08-10 01:47:25 - [MESSAGE][WARNING] - [SELF-HEALING] Failed to find element with id 'Object Repository/Login/TC-01/TC-01/input_standard_userlocked_out__3'. Try using Self-healing.

2022-08-10 01:47:25 - [MESSAGE][WARNING] - [SELF-HEALING] The current locator of test object 'Object Repository/Login/TC-01/TC-01/input_standard_userlocked_out__3' was broken. Propose an alternative one: '(.//*[normalize-space(text()) and normalize-space(.)='Accepted usernames are:'])[1]/preceding::input[1]'.

2022-08-10 01:47:25 - [MESSAGE][PASSED] - Object: 'Object Repository/Login/TC-01/TC-01/input_standard_userlocked_out__3' is clicked on

2022-08-10 01:47:25 - [TEST_STEP][PASSED] - openBrowser("https://www.saucedemo.com/inventory.html"): Browser is opened with url: 'https://www.saucedemo.com/inventory.html'

2022-08-10 01:47:25 - [MESSAGE][WARNING] - A browser is already opened. Closing browser and opening a new one

2022-08-10 01:47:26 - [MESSAGE][INFO] - Starting 'Chrome' driver

2022-08-10 01:47:26 - [MESSAGE][INFO] - Action delay is set to 0 milliseconds

2022-08-10 01:47:28 - [MESSAGE][PASSED] - Browser is opened with url: 'https://www.saucedemo.com/inventory.html'

2022-08-10 01:47:28 - [TEST_STEP][PASSED] - closeBrowser(): Browser is closed

2022-08-10 01:47:29 - [MESSAGE][PASSED] - Browser is closed]]></system-out>
         <system-err><![CDATA[]]></system-err>
      </testcase>
      <testcase name="Test Cases/TC_Login/TC-02 Input valid Username and invalid Password" time="66.889" classname="Test Cases/TC_Login/TC-02 Input valid Username and invalid Password" status="FAILED">
         <failure type="FAILED" message="Test Cases/TC_Login/TC-02 Input valid Username and invalid Password FAILED.
Reason:
com.kms.katalon.core.exception.StepFailedException: Unable to verify object 'Object Repository/Login/TC-02/Page_Swag Labs/h3_Epic sadface Username and p' is present
	at com.kms.katalon.core.webui.keyword.internal.WebUIKeywordMain.stepFailed(WebUIKeywordMain.groovy:64)
	at com.kms.katalon.core.webui.keyword.internal.WebUIKeywordMain.runKeyword(WebUIKeywordMain.groovy:26)
	at com.kms.katalon.core.webui.keyword.builtin.VerifyElementPresentKeyword.verifyElementPresent(VerifyElementPresentKeyword.groovy:92)
	at com.kms.katalon.core.webui.keyword.builtin.VerifyElementPresentKeyword.execute(VerifyElementPresentKeyword.groovy:68)
	at com.kms.katalon.core.keyword.internal.KeywordExecutor.executeKeywordForPlatform(KeywordExecutor.groovy:74)
	at com.kms.katalon.core.webui.keyword.WebUiBuiltInKeywords.verifyElementPresent(WebUiBuiltInKeywords.groovy:1464)
	at com.kms.katalon.core.webui.keyword.WebUiBuiltInKeywords$verifyElementPresent$5.call(Unknown Source)
	at TC-02 Input valid Username and invalid Password.run(TC-02 Input valid Username and invalid Password:28)
	at com.kms.katalon.core.main.ScriptEngine.run(ScriptEngine.java:194)
	at com.kms.katalon.core.main.ScriptEngine.runScriptAsRawText(ScriptEngine.java:119)
	at com.kms.katalon.core.main.TestCaseExecutor.runScript(TestCaseExecutor.java:445)
	at com.kms.katalon.core.main.TestCaseExecutor.doExecute(TestCaseExecutor.java:436)
	at com.kms.katalon.core.main.TestCaseExecutor.processExecutionPhase(TestCaseExecutor.java:415)
	at com.kms.katalon.core.main.TestCaseExecutor.accessMainPhase(TestCaseExecutor.java:407)
	at com.kms.katalon.core.main.TestCaseExecutor.execute(TestCaseExecutor.java:284)
	at com.kms.katalon.core.main.TestCaseExecutor.execute(TestCaseExecutor.java:366)
	at com.kms.katalon.core.main.TestCaseExecutor.execute(TestCaseExecutor.java:366)
	at com.kms.katalon.core.main.TestCaseExecutor.execute(TestCaseExecutor.java:366)
	at com.kms.katalon.core.common.CommonExecutor.accessTestCaseMainPhase(CommonExecutor.java:65)
	at com.kms.katalon.core.main.TestSuiteExecutor.accessTestSuiteMainPhase(TestSuiteExecutor.java:144)
	at com.kms.katalon.core.main.TestSuiteExecutor.execute(TestSuiteExecutor.java:106)
	at com.kms.katalon.core.main.TestCaseMain.startTestSuite(TestCaseMain.java:185)
	at com.kms.katalon.core.main.TestCaseMain$startTestSuite$0.call(Unknown Source)
	at TempTestSuite1660070807362.run(TempTestSuite1660070807362.groovy:36)
Caused by: com.kms.katalon.core.exception.StepFailedException: com.kms.katalon.core.webui.exception.WebElementNotFoundException: Web element with id: 'Object Repository/Login/TC-02/Page_Swag Labs/h3_Epic sadface Username and p' located by '//div[@id='login_button_container']/div/form/h3' not found
	at com.kms.katalon.core.webui.keyword.internal.WebUIKeywordMain.stepFailed(WebUIKeywordMain.groovy:64)
	at com.kms.katalon.core.webui.keyword.builtin.VerifyElementPresentKeyword$_verifyElementPresent_closure1.doCall(VerifyElementPresentKeyword.groovy:85)
	at com.kms.katalon.core.webui.keyword.builtin.VerifyElementPresentKeyword$_verifyElementPresent_closure1.call(VerifyElementPresentKeyword.groovy)
	at com.kms.katalon.core.webui.keyword.internal.WebUIKeywordMain.runKeyword(WebUIKeywordMain.groovy:20)
	... 22 more
"/>
         <system-out><![CDATA[2022-08-10 01:50:51 - [TEST_CASE][FAILED] - Test Cases/TC_Login/TC-02 Input valid Username and invalid Password: Test Cases/TC_Login/TC-02 Input valid Username and invalid Password FAILED.
Reason:
com.kms.katalon.core.exception.StepFailedException: Unable to verify object 'Object Repository/Login/TC-02/Page_Swag Labs/h3_Epic sadface Username and p' is present
	at com.kms.katalon.core.webui.keyword.internal.WebUIKeywordMain.stepFailed(WebUIKeywordMain.groovy:64)
	at com.kms.katalon.core.webui.keyword.internal.WebUIKeywordMain.runKeyword(WebUIKeywordMain.groovy:26)
	at com.kms.katalon.core.webui.keyword.builtin.VerifyElementPresentKeyword.verifyElementPresent(VerifyElementPresentKeyword.groovy:92)
	at com.kms.katalon.core.webui.keyword.builtin.VerifyElementPresentKeyword.execute(VerifyElementPresentKeyword.groovy:68)
	at com.kms.katalon.core.keyword.internal.KeywordExecutor.executeKeywordForPlatform(KeywordExecutor.groovy:74)
	at com.kms.katalon.core.webui.keyword.WebUiBuiltInKeywords.verifyElementPresent(WebUiBuiltInKeywords.groovy:1464)
	at com.kms.katalon.core.webui.keyword.WebUiBuiltInKeywords$verifyElementPresent$5.call(Unknown Source)
	at TC-02 Input valid Username and invalid Password.run(TC-02 Input valid Username and invalid Password:28)
	at com.kms.katalon.core.main.ScriptEngine.run(ScriptEngine.java:194)
	at com.kms.katalon.core.main.ScriptEngine.runScriptAsRawText(ScriptEngine.java:119)
	at com.kms.katalon.core.main.TestCaseExecutor.runScript(TestCaseExecutor.java:445)
	at com.kms.katalon.core.main.TestCaseExecutor.doExecute(TestCaseExecutor.java:436)
	at com.kms.katalon.core.main.TestCaseExecutor.processExecutionPhase(TestCaseExecutor.java:415)
	at com.kms.katalon.core.main.TestCaseExecutor.accessMainPhase(TestCaseExecutor.java:407)
	at com.kms.katalon.core.main.TestCaseExecutor.execute(TestCaseExecutor.java:284)
	at com.kms.katalon.core.main.TestCaseExecutor.execute(TestCaseExecutor.java:366)
	at com.kms.katalon.core.main.TestCaseExecutor.execute(TestCaseExecutor.java:366)
	at com.kms.katalon.core.main.TestCaseExecutor.execute(TestCaseExecutor.java:366)
	at com.kms.katalon.core.common.CommonExecutor.accessTestCaseMainPhase(CommonExecutor.java:65)
	at com.kms.katalon.core.main.TestSuiteExecutor.accessTestSuiteMainPhase(TestSuiteExecutor.java:144)
	at com.kms.katalon.core.main.TestSuiteExecutor.execute(TestSuiteExecutor.java:106)
	at com.kms.katalon.core.main.TestCaseMain.startTestSuite(TestCaseMain.java:185)
	at com.kms.katalon.core.main.TestCaseMain$startTestSuite$0.call(Unknown Source)
	at TempTestSuite1660070807362.run(TempTestSuite1660070807362.groovy:36)
Caused by: com.kms.katalon.core.exception.StepFailedException: com.kms.katalon.core.webui.exception.WebElementNotFoundException: Web element with id: 'Object Repository/Login/TC-02/Page_Swag Labs/h3_Epic sadface Username and p' located by '//div[@id='login_button_container']/div/form/h3' not found
	at com.kms.katalon.core.webui.keyword.internal.WebUIKeywordMain.stepFailed(WebUIKeywordMain.groovy:64)
	at com.kms.katalon.core.webui.keyword.builtin.VerifyElementPresentKeyword$_verifyElementPresent_closure1.doCall(VerifyElementPresentKeyword.groovy:85)
	at com.kms.katalon.core.webui.keyword.builtin.VerifyElementPresentKeyword$_verifyElementPresent_closure1.call(VerifyElementPresentKeyword.groovy)
	at com.kms.katalon.core.webui.keyword.internal.WebUIKeywordMain.runKeyword(WebUIKeywordMain.groovy:20)
	... 22 more


2022-08-10 01:50:51 - [TEST_STEP][PASSED] - openBrowser(""): Browser is opened with url: ''

2022-08-10 01:50:51 - [MESSAGE][WARNING] - A browser is already opened. Closing browser and opening a new one

2022-08-10 01:50:52 - [MESSAGE][INFO] - Starting 'Chrome' driver

2022-08-10 01:50:52 - [MESSAGE][INFO] - Action delay is set to 0 milliseconds

2022-08-10 01:50:53 - [MESSAGE][PASSED] - Browser is opened with url: ''

2022-08-10 01:50:53 - [TEST_STEP][PASSED] - navigateToUrl("https://www.saucedemo.com/"): Navigate to 'https://www.saucedemo.com/' successfully

2022-08-10 01:50:54 - [MESSAGE][PASSED] - Navigate to 'https://www.saucedemo.com/' successfully

2022-08-10 01:50:54 - [TEST_STEP][PASSED] - setText(findTestObject("Login/TC-02/Page_Swag Labs/input_standard_userlocked_out_"), "standard_user"): Text 'standard_user' is set on object 'Object Repository/Login/TC-02/Page_Swag Labs/input_standard_userlocked_out_'

2022-08-10 01:50:55 - [MESSAGE][PASSED] - Text 'standard_user' is set on object 'Object Repository/Login/TC-02/Page_Swag Labs/input_standard_userlocked_out_'

2022-08-10 01:50:55 - [TEST_STEP][PASSED] - setText(findTestObject("Login/TC-02/Page_Swag Labs/input_standard_userlocked_out__1"), "abcdefh"): Text 'abcdefh' is set on object 'Object Repository/Login/TC-02/Page_Swag Labs/input_standard_userlocked_out__1'

2022-08-10 01:50:55 - [MESSAGE][PASSED] - Text 'abcdefh' is set on object 'Object Repository/Login/TC-02/Page_Swag Labs/input_standard_userlocked_out__1'

2022-08-10 01:50:55 - [TEST_STEP][PASSED] - click(findTestObject("Login/TC-02/Page_Swag Labs/input_standard_userlocked_out__8")): Object: 'Object Repository/Login/TC-02/Page_Swag Labs/input_standard_userlocked_out__8' is clicked on

2022-08-10 01:51:26 - [MESSAGE][INFO] - Unable to find the element located by 'By.xpath: //input[@value='LOGIN']'. Please recheck the objects properties to make sure the desired element is located. 

2022-08-10 01:51:26 - [MESSAGE][WARNING] - [SELF-HEALING] Failed to find element with id 'Object Repository/Login/TC-02/Page_Swag Labs/input_standard_userlocked_out__8'. Try using Self-healing.

2022-08-10 01:51:27 - [MESSAGE][WARNING] - [SELF-HEALING] The current locator of test object 'Object Repository/Login/TC-02/Page_Swag Labs/input_standard_userlocked_out__8' was broken. Propose an alternative one: '(.//*[normalize-space(text()) and normalize-space(.)='Accepted usernames are:'])[1]/preceding::input[1]'.

2022-08-10 01:51:27 - [MESSAGE][PASSED] - Object: 'Object Repository/Login/TC-02/Page_Swag Labs/input_standard_userlocked_out__8' is clicked on

2022-08-10 01:51:27 - [TEST_STEP][FAILED] - verifyElementPresent(findTestObject("Login/TC-02/Page_Swag Labs/h3_Epic sadface Username and p"), 0): Unable to verify object 'Object Repository/Login/TC-02/Page_Swag Labs/h3_Epic sadface Username and p' is present (Root cause: com.kms.katalon.core.exception.StepFailedException: Unable to verify object 'Object Repository/Login/TC-02/Page_Swag Labs/h3_Epic sadface Username and p' is present
	at com.kms.katalon.core.webui.keyword.internal.WebUIKeywordMain.stepFailed(WebUIKeywordMain.groovy:64)
	at com.kms.katalon.core.webui.keyword.internal.WebUIKeywordMain.runKeyword(WebUIKeywordMain.groovy:26)
	at com.kms.katalon.core.webui.keyword.builtin.VerifyElementPresentKeyword.verifyElementPresent(VerifyElementPresentKeyword.groovy:92)
	at com.kms.katalon.core.webui.keyword.builtin.VerifyElementPresentKeyword.execute(VerifyElementPresentKeyword.groovy:68)
	at com.kms.katalon.core.keyword.internal.KeywordExecutor.executeKeywordForPlatform(KeywordExecutor.groovy:74)
	at com.kms.katalon.core.webui.keyword.WebUiBuiltInKeywords.verifyElementPresent(WebUiBuiltInKeywords.groovy:1464)
	at com.kms.katalon.core.webui.keyword.WebUiBuiltInKeywords$verifyElementPresent$5.call(Unknown Source)
	at TC-02 Input valid Username and invalid Password.run(TC-02 Input valid Username and invalid Password:28)
	at com.kms.katalon.core.main.ScriptEngine.run(ScriptEngine.java:194)
	at com.kms.katalon.core.main.ScriptEngine.runScriptAsRawText(ScriptEngine.java:119)
	at com.kms.katalon.core.main.TestCaseExecutor.runScript(TestCaseExecutor.java:445)
	at com.kms.katalon.core.main.TestCaseExecutor.doExecute(TestCaseExecutor.java:436)
	at com.kms.katalon.core.main.TestCaseExecutor.processExecutionPhase(TestCaseExecutor.java:415)
	at com.kms.katalon.core.main.TestCaseExecutor.accessMainPhase(TestCaseExecutor.java:407)
	at com.kms.katalon.core.main.TestCaseExecutor.execute(TestCaseExecutor.java:284)
	at com.kms.katalon.core.main.TestCaseExecutor.execute(TestCaseExecutor.java:366)
	at com.kms.katalon.core.main.TestCaseExecutor.execute(TestCaseExecutor.java:366)
	at com.kms.katalon.core.main.TestCaseExecutor.execute(TestCaseExecutor.java:366)
	at com.kms.katalon.core.common.CommonExecutor.accessTestCaseMainPhase(CommonExecutor.java:65)
	at com.kms.katalon.core.main.TestSuiteExecutor.accessTestSuiteMainPhase(TestSuiteExecutor.java:144)
	at com.kms.katalon.core.main.TestSuiteExecutor.execute(TestSuiteExecutor.java:106)
	at com.kms.katalon.core.main.TestCaseMain.startTestSuite(TestCaseMain.java:185)
	at com.kms.katalon.core.main.TestCaseMain$startTestSuite$0.call(Unknown Source)
	at TempTestSuite1660070807362.run(TempTestSuite1660070807362.groovy:36)
Caused by: com.kms.katalon.core.exception.StepFailedException: com.kms.katalon.core.webui.exception.WebElementNotFoundException: Web element with id: 'Object Repository/Login/TC-02/Page_Swag Labs/h3_Epic sadface Username and p' located by '//div[@id='login_button_container']/div/form/h3' not found
	at com.kms.katalon.core.webui.keyword.internal.WebUIKeywordMain.stepFailed(WebUIKeywordMain.groovy:64)
	at com.kms.katalon.core.webui.keyword.builtin.VerifyElementPresentKeyword$_verifyElementPresent_closure1.doCall(VerifyElementPresentKeyword.groovy:85)
	at com.kms.katalon.core.webui.keyword.builtin.VerifyElementPresentKeyword$_verifyElementPresent_closure1.call(VerifyElementPresentKeyword.groovy)
	at com.kms.katalon.core.webui.keyword.internal.WebUIKeywordMain.runKeyword(WebUIKeywordMain.groovy:20)
	... 22 more
)

2022-08-10 01:51:27 - [MESSAGE][WARNING] - Timeout '0' is invalid. Using default page load timeout: '30'

2022-08-10 01:51:58 - [MESSAGE][INFO] - Unable to find the element located by 'By.xpath: //div[@id='login_button_container']/div/form/h3'. Please recheck the objects properties to make sure the desired element is located. 

2022-08-10 01:51:58 - [MESSAGE][FAILED] - com.kms.katalon.core.webui.exception.WebElementNotFoundException: Web element with id: 'Object Repository/Login/TC-02/Page_Swag Labs/h3_Epic sadface Username and p' located by '//div[@id='login_button_container']/div/form/h3' not found (Root cause: com.kms.katalon.core.exception.StepFailedException: com.kms.katalon.core.webui.exception.WebElementNotFoundException: Web element with id: 'Object Repository/Login/TC-02/Page_Swag Labs/h3_Epic sadface Username and p' located by '//div[@id='login_button_container']/div/form/h3' not found
	at com.kms.katalon.core.webui.keyword.internal.WebUIKeywordMain.stepFailed(WebUIKeywordMain.groovy:64)
	at com.kms.katalon.core.webui.keyword.builtin.VerifyElementPresentKeyword$_verifyElementPresent_closure1.doCall(VerifyElementPresentKeyword.groovy:85)
	at com.kms.katalon.core.webui.keyword.builtin.VerifyElementPresentKeyword$_verifyElementPresent_closure1.call(VerifyElementPresentKeyword.groovy)
	at com.kms.katalon.core.webui.keyword.internal.WebUIKeywordMain.runKeyword(WebUIKeywordMain.groovy:20)
	at com.kms.katalon.core.webui.keyword.builtin.VerifyElementPresentKeyword.verifyElementPresent(VerifyElementPresentKeyword.groovy:92)
	at com.kms.katalon.core.webui.keyword.builtin.VerifyElementPresentKeyword.execute(VerifyElementPresentKeyword.groovy:68)
	at com.kms.katalon.core.keyword.internal.KeywordExecutor.executeKeywordForPlatform(KeywordExecutor.groovy:74)
	at com.kms.katalon.core.webui.keyword.WebUiBuiltInKeywords.verifyElementPresent(WebUiBuiltInKeywords.groovy:1464)
	at com.kms.katalon.core.webui.keyword.WebUiBuiltInKeywords$verifyElementPresent$5.call(Unknown Source)
	at TC-02 Input valid Username and invalid Password.run(TC-02 Input valid Username and invalid Password:28)
	at com.kms.katalon.core.main.ScriptEngine.run(ScriptEngine.java:194)
	at com.kms.katalon.core.main.ScriptEngine.runScriptAsRawText(ScriptEngine.java:119)
	at com.kms.katalon.core.main.TestCaseExecutor.runScript(TestCaseExecutor.java:445)
	at com.kms.katalon.core.main.TestCaseExecutor.doExecute(TestCaseExecutor.java:436)
	at com.kms.katalon.core.main.TestCaseExecutor.processExecutionPhase(TestCaseExecutor.java:415)
	at com.kms.katalon.core.main.TestCaseExecutor.accessMainPhase(TestCaseExecutor.java:407)
	at com.kms.katalon.core.main.TestCaseExecutor.execute(TestCaseExecutor.java:284)
	at com.kms.katalon.core.main.TestCaseExecutor.execute(TestCaseExecutor.java:366)
	at com.kms.katalon.core.main.TestCaseExecutor.execute(TestCaseExecutor.java:366)
	at com.kms.katalon.core.main.TestCaseExecutor.execute(TestCaseExecutor.java:366)
	at com.kms.katalon.core.common.CommonExecutor.accessTestCaseMainPhase(CommonExecutor.java:65)
	at com.kms.katalon.core.main.TestSuiteExecutor.accessTestSuiteMainPhase(TestSuiteExecutor.java:144)
	at com.kms.katalon.core.main.TestSuiteExecutor.execute(TestSuiteExecutor.java:106)
	at com.kms.katalon.core.main.TestCaseMain.startTestSuite(TestCaseMain.java:185)
	at com.kms.katalon.core.main.TestCaseMain$startTestSuite$0.call(Unknown Source)
	at TempTestSuite1660070807362.run(TempTestSuite1660070807362.groovy:36)
)
[[ATTACHMENT|C:\\Users\\WINDOWS 10\\Katalon Studio\\Saucedemo Test\\Saucedemo Test\\Reports\\20220810_014647\\TCS_login\\20220810_014647\\1660071118476.png]]

2022-08-10 01:51:58 - [MESSAGE][FAILED] - Unable to verify object 'Object Repository/Login/TC-02/Page_Swag Labs/h3_Epic sadface Username and p' is present (Root cause: com.kms.katalon.core.exception.StepFailedException: Unable to verify object 'Object Repository/Login/TC-02/Page_Swag Labs/h3_Epic sadface Username and p' is present
	at com.kms.katalon.core.webui.keyword.internal.WebUIKeywordMain.stepFailed(WebUIKeywordMain.groovy:64)
	at com.kms.katalon.core.webui.keyword.internal.WebUIKeywordMain.runKeyword(WebUIKeywordMain.groovy:26)
	at com.kms.katalon.core.webui.keyword.builtin.VerifyElementPresentKeyword.verifyElementPresent(VerifyElementPresentKeyword.groovy:92)
	at com.kms.katalon.core.webui.keyword.builtin.VerifyElementPresentKeyword.execute(VerifyElementPresentKeyword.groovy:68)
	at com.kms.katalon.core.keyword.internal.KeywordExecutor.executeKeywordForPlatform(KeywordExecutor.groovy:74)
	at com.kms.katalon.core.webui.keyword.WebUiBuiltInKeywords.verifyElementPresent(WebUiBuiltInKeywords.groovy:1464)
	at com.kms.katalon.core.webui.keyword.WebUiBuiltInKeywords$verifyElementPresent$5.call(Unknown Source)
	at TC-02 Input valid Username and invalid Password.run(TC-02 Input valid Username and invalid Password:28)
	at com.kms.katalon.core.main.ScriptEngine.run(ScriptEngine.java:194)
	at com.kms.katalon.core.main.ScriptEngine.runScriptAsRawText(ScriptEngine.java:119)
	at com.kms.katalon.core.main.TestCaseExecutor.runScript(TestCaseExecutor.java:445)
	at com.kms.katalon.core.main.TestCaseExecutor.doExecute(TestCaseExecutor.java:436)
	at com.kms.katalon.core.main.TestCaseExecutor.processExecutionPhase(TestCaseExecutor.java:415)
	at com.kms.katalon.core.main.TestCaseExecutor.accessMainPhase(TestCaseExecutor.java:407)
	at com.kms.katalon.core.main.TestCaseExecutor.execute(TestCaseExecutor.java:284)
	at com.kms.katalon.core.main.TestCaseExecutor.execute(TestCaseExecutor.java:366)
	at com.kms.katalon.core.main.TestCaseExecutor.execute(TestCaseExecutor.java:366)
	at com.kms.katalon.core.main.TestCaseExecutor.execute(TestCaseExecutor.java:366)
	at com.kms.katalon.core.common.CommonExecutor.accessTestCaseMainPhase(CommonExecutor.java:65)
	at com.kms.katalon.core.main.TestSuiteExecutor.accessTestSuiteMainPhase(TestSuiteExecutor.java:144)
	at com.kms.katalon.core.main.TestSuiteExecutor.execute(TestSuiteExecutor.java:106)
	at com.kms.katalon.core.main.TestCaseMain.startTestSuite(TestCaseMain.java:185)
	at com.kms.katalon.core.main.TestCaseMain$startTestSuite$0.call(Unknown Source)
	at TempTestSuite1660070807362.run(TempTestSuite1660070807362.groovy:36)
Caused by: com.kms.katalon.core.exception.StepFailedException: com.kms.katalon.core.webui.exception.WebElementNotFoundException: Web element with id: 'Object Repository/Login/TC-02/Page_Swag Labs/h3_Epic sadface Username and p' located by '//div[@id='login_button_container']/div/form/h3' not found
	at com.kms.katalon.core.webui.keyword.internal.WebUIKeywordMain.stepFailed(WebUIKeywordMain.groovy:64)
	at com.kms.katalon.core.webui.keyword.builtin.VerifyElementPresentKeyword$_verifyElementPresent_closure1.doCall(VerifyElementPresentKeyword.groovy:85)
	at com.kms.katalon.core.webui.keyword.builtin.VerifyElementPresentKeyword$_verifyElementPresent_closure1.call(VerifyElementPresentKeyword.groovy)
	at com.kms.katalon.core.webui.keyword.internal.WebUIKeywordMain.runKeyword(WebUIKeywordMain.groovy:20)
	... 22 more
)
[[ATTACHMENT|C:\\Users\\WINDOWS 10\\Katalon Studio\\Saucedemo Test\\Saucedemo Test\\Reports\\20220810_014647\\TCS_login\\20220810_014647\\1660071118595.png]]]]></system-out>
         <system-err><![CDATA[2022-08-10 01:50:51 - [TEST_CASE][FAILED] - Test Cases/TC_Login/TC-02 Input valid Username and invalid Password: Test Cases/TC_Login/TC-02 Input valid Username and invalid Password FAILED.
Reason:
com.kms.katalon.core.exception.StepFailedException: Unable to verify object 'Object Repository/Login/TC-02/Page_Swag Labs/h3_Epic sadface Username and p' is present
	at com.kms.katalon.core.webui.keyword.internal.WebUIKeywordMain.stepFailed(WebUIKeywordMain.groovy:64)
	at com.kms.katalon.core.webui.keyword.internal.WebUIKeywordMain.runKeyword(WebUIKeywordMain.groovy:26)
	at com.kms.katalon.core.webui.keyword.builtin.VerifyElementPresentKeyword.verifyElementPresent(VerifyElementPresentKeyword.groovy:92)
	at com.kms.katalon.core.webui.keyword.builtin.VerifyElementPresentKeyword.execute(VerifyElementPresentKeyword.groovy:68)
	at com.kms.katalon.core.keyword.internal.KeywordExecutor.executeKeywordForPlatform(KeywordExecutor.groovy:74)
	at com.kms.katalon.core.webui.keyword.WebUiBuiltInKeywords.verifyElementPresent(WebUiBuiltInKeywords.groovy:1464)
	at com.kms.katalon.core.webui.keyword.WebUiBuiltInKeywords$verifyElementPresent$5.call(Unknown Source)
	at TC-02 Input valid Username and invalid Password.run(TC-02 Input valid Username and invalid Password:28)
	at com.kms.katalon.core.main.ScriptEngine.run(ScriptEngine.java:194)
	at com.kms.katalon.core.main.ScriptEngine.runScriptAsRawText(ScriptEngine.java:119)
	at com.kms.katalon.core.main.TestCaseExecutor.runScript(TestCaseExecutor.java:445)
	at com.kms.katalon.core.main.TestCaseExecutor.doExecute(TestCaseExecutor.java:436)
	at com.kms.katalon.core.main.TestCaseExecutor.processExecutionPhase(TestCaseExecutor.java:415)
	at com.kms.katalon.core.main.TestCaseExecutor.accessMainPhase(TestCaseExecutor.java:407)
	at com.kms.katalon.core.main.TestCaseExecutor.execute(TestCaseExecutor.java:284)
	at com.kms.katalon.core.main.TestCaseExecutor.execute(TestCaseExecutor.java:366)
	at com.kms.katalon.core.main.TestCaseExecutor.execute(TestCaseExecutor.java:366)
	at com.kms.katalon.core.main.TestCaseExecutor.execute(TestCaseExecutor.java:366)
	at com.kms.katalon.core.common.CommonExecutor.accessTestCaseMainPhase(CommonExecutor.java:65)
	at com.kms.katalon.core.main.TestSuiteExecutor.accessTestSuiteMainPhase(TestSuiteExecutor.java:144)
	at com.kms.katalon.core.main.TestSuiteExecutor.execute(TestSuiteExecutor.java:106)
	at com.kms.katalon.core.main.TestCaseMain.startTestSuite(TestCaseMain.java:185)
	at com.kms.katalon.core.main.TestCaseMain$startTestSuite$0.call(Unknown Source)
	at TempTestSuite1660070807362.run(TempTestSuite1660070807362.groovy:36)
Caused by: com.kms.katalon.core.exception.StepFailedException: com.kms.katalon.core.webui.exception.WebElementNotFoundException: Web element with id: 'Object Repository/Login/TC-02/Page_Swag Labs/h3_Epic sadface Username and p' located by '//div[@id='login_button_container']/div/form/h3' not found
	at com.kms.katalon.core.webui.keyword.internal.WebUIKeywordMain.stepFailed(WebUIKeywordMain.groovy:64)
	at com.kms.katalon.core.webui.keyword.builtin.VerifyElementPresentKeyword$_verifyElementPresent_closure1.doCall(VerifyElementPresentKeyword.groovy:85)
	at com.kms.katalon.core.webui.keyword.builtin.VerifyElementPresentKeyword$_verifyElementPresent_closure1.call(VerifyElementPresentKeyword.groovy)
	at com.kms.katalon.core.webui.keyword.internal.WebUIKeywordMain.runKeyword(WebUIKeywordMain.groovy:20)
	... 22 more]]></system-err>
      </testcase>
      <testcase name="Test Cases/TC_Login/TC-03 Input invalid Username and valid Password" time="35.498" classname="Test Cases/TC_Login/TC-03 Input invalid Username and valid Password" status="FAILED">
         <failure type="FAILED" message="Test Cases/TC_Login/TC-03 Input invalid Username and valid Password FAILED.
Reason:
com.kms.katalon.core.exception.StepFailedException: Unable to verify object is present
	at com.kms.katalon.core.webui.keyword.internal.WebUIKeywordMain.stepFailed(WebUIKeywordMain.groovy:64)
	at com.kms.katalon.core.webui.keyword.internal.WebUIKeywordMain.runKeyword(WebUIKeywordMain.groovy:26)
	at com.kms.katalon.core.webui.keyword.builtin.VerifyElementPresentKeyword.verifyElementPresent(VerifyElementPresentKeyword.groovy:92)
	at com.kms.katalon.core.webui.keyword.builtin.VerifyElementPresentKeyword.execute(VerifyElementPresentKeyword.groovy:68)
	at com.kms.katalon.core.keyword.internal.KeywordExecutor.executeKeywordForPlatform(KeywordExecutor.groovy:74)
	at com.kms.katalon.core.webui.keyword.WebUiBuiltInKeywords.verifyElementPresent(WebUiBuiltInKeywords.groovy:1464)
	at com.kms.katalon.core.webui.keyword.WebUiBuiltInKeywords$verifyElementPresent$5.call(Unknown Source)
	at TC-03 Input invalid Username and valid Password.run(TC-03 Input invalid Username and valid Password:26)
	at com.kms.katalon.core.main.ScriptEngine.run(ScriptEngine.java:194)
	at com.kms.katalon.core.main.ScriptEngine.runScriptAsRawText(ScriptEngine.java:119)
	at com.kms.katalon.core.main.TestCaseExecutor.runScript(TestCaseExecutor.java:445)
	at com.kms.katalon.core.main.TestCaseExecutor.doExecute(TestCaseExecutor.java:436)
	at com.kms.katalon.core.main.TestCaseExecutor.processExecutionPhase(TestCaseExecutor.java:415)
	at com.kms.katalon.core.main.TestCaseExecutor.accessMainPhase(TestCaseExecutor.java:407)
	at com.kms.katalon.core.main.TestCaseExecutor.execute(TestCaseExecutor.java:284)
	at com.kms.katalon.core.main.TestCaseExecutor.execute(TestCaseExecutor.java:366)
	at com.kms.katalon.core.main.TestCaseExecutor.execute(TestCaseExecutor.java:366)
	at com.kms.katalon.core.main.TestCaseExecutor.execute(TestCaseExecutor.java:366)
	at com.kms.katalon.core.common.CommonExecutor.accessTestCaseMainPhase(CommonExecutor.java:65)
	at com.kms.katalon.core.main.TestSuiteExecutor.accessTestSuiteMainPhase(TestSuiteExecutor.java:144)
	at com.kms.katalon.core.main.TestSuiteExecutor.execute(TestSuiteExecutor.java:106)
	at com.kms.katalon.core.main.TestCaseMain.startTestSuite(TestCaseMain.java:185)
	at com.kms.katalon.core.main.TestCaseMain$startTestSuite$0.call(Unknown Source)
	at TempTestSuite1660070807362.run(TempTestSuite1660070807362.groovy:36)
Caused by: java.lang.IllegalArgumentException: Object is null
	at com.kms.katalon.core.helper.KeywordHelper.checkTestObjectParameter(KeywordHelper.java:33)
	at com.kms.katalon.core.webui.keyword.builtin.VerifyElementPresentKeyword$_verifyElementPresent_closure1.doCall(VerifyElementPresentKeyword.groovy:76)
	at com.kms.katalon.core.webui.keyword.builtin.VerifyElementPresentKeyword$_verifyElementPresent_closure1.call(VerifyElementPresentKeyword.groovy)
	at com.kms.katalon.core.webui.keyword.internal.WebUIKeywordMain.runKeyword(WebUIKeywordMain.groovy:20)
	... 22 more
"/>
         <system-out><![CDATA[2022-08-10 01:53:45 - [TEST_CASE][FAILED] - Test Cases/TC_Login/TC-03 Input invalid Username and valid Password: Test Cases/TC_Login/TC-03 Input invalid Username and valid Password FAILED.
Reason:
com.kms.katalon.core.exception.StepFailedException: Unable to verify object is present
	at com.kms.katalon.core.webui.keyword.internal.WebUIKeywordMain.stepFailed(WebUIKeywordMain.groovy:64)
	at com.kms.katalon.core.webui.keyword.internal.WebUIKeywordMain.runKeyword(WebUIKeywordMain.groovy:26)
	at com.kms.katalon.core.webui.keyword.builtin.VerifyElementPresentKeyword.verifyElementPresent(VerifyElementPresentKeyword.groovy:92)
	at com.kms.katalon.core.webui.keyword.builtin.VerifyElementPresentKeyword.execute(VerifyElementPresentKeyword.groovy:68)
	at com.kms.katalon.core.keyword.internal.KeywordExecutor.executeKeywordForPlatform(KeywordExecutor.groovy:74)
	at com.kms.katalon.core.webui.keyword.WebUiBuiltInKeywords.verifyElementPresent(WebUiBuiltInKeywords.groovy:1464)
	at com.kms.katalon.core.webui.keyword.WebUiBuiltInKeywords$verifyElementPresent$5.call(Unknown Source)
	at TC-03 Input invalid Username and valid Password.run(TC-03 Input invalid Username and valid Password:26)
	at com.kms.katalon.core.main.ScriptEngine.run(ScriptEngine.java:194)
	at com.kms.katalon.core.main.ScriptEngine.runScriptAsRawText(ScriptEngine.java:119)
	at com.kms.katalon.core.main.TestCaseExecutor.runScript(TestCaseExecutor.java:445)
	at com.kms.katalon.core.main.TestCaseExecutor.doExecute(TestCaseExecutor.java:436)
	at com.kms.katalon.core.main.TestCaseExecutor.processExecutionPhase(TestCaseExecutor.java:415)
	at com.kms.katalon.core.main.TestCaseExecutor.accessMainPhase(TestCaseExecutor.java:407)
	at com.kms.katalon.core.main.TestCaseExecutor.execute(TestCaseExecutor.java:284)
	at com.kms.katalon.core.main.TestCaseExecutor.execute(TestCaseExecutor.java:366)
	at com.kms.katalon.core.main.TestCaseExecutor.execute(TestCaseExecutor.java:366)
	at com.kms.katalon.core.main.TestCaseExecutor.execute(TestCaseExecutor.java:366)
	at com.kms.katalon.core.common.CommonExecutor.accessTestCaseMainPhase(CommonExecutor.java:65)
	at com.kms.katalon.core.main.TestSuiteExecutor.accessTestSuiteMainPhase(TestSuiteExecutor.java:144)
	at com.kms.katalon.core.main.TestSuiteExecutor.execute(TestSuiteExecutor.java:106)
	at com.kms.katalon.core.main.TestCaseMain.startTestSuite(TestCaseMain.java:185)
	at com.kms.katalon.core.main.TestCaseMain$startTestSuite$0.call(Unknown Source)
	at TempTestSuite1660070807362.run(TempTestSuite1660070807362.groovy:36)
Caused by: java.lang.IllegalArgumentException: Object is null
	at com.kms.katalon.core.helper.KeywordHelper.checkTestObjectParameter(KeywordHelper.java:33)
	at com.kms.katalon.core.webui.keyword.builtin.VerifyElementPresentKeyword$_verifyElementPresent_closure1.doCall(VerifyElementPresentKeyword.groovy:76)
	at com.kms.katalon.core.webui.keyword.builtin.VerifyElementPresentKeyword$_verifyElementPresent_closure1.call(VerifyElementPresentKeyword.groovy)
	at com.kms.katalon.core.webui.keyword.internal.WebUIKeywordMain.runKeyword(WebUIKeywordMain.groovy:20)
	... 22 more


2022-08-10 01:53:45 - [TEST_STEP][PASSED] - openBrowser(""): Browser is opened with url: ''

2022-08-10 01:53:45 - [MESSAGE][WARNING] - A browser is already opened. Closing browser and opening a new one

2022-08-10 01:53:46 - [MESSAGE][INFO] - Starting 'Chrome' driver

2022-08-10 01:53:46 - [MESSAGE][INFO] - Action delay is set to 0 milliseconds

2022-08-10 01:53:47 - [MESSAGE][PASSED] - Browser is opened with url: ''

2022-08-10 01:53:47 - [TEST_STEP][PASSED] - navigateToUrl("https://www.saucedemo.com/"): Navigate to 'https://www.saucedemo.com/' successfully

2022-08-10 01:53:48 - [MESSAGE][PASSED] - Navigate to 'https://www.saucedemo.com/' successfully

2022-08-10 01:53:48 - [TEST_STEP][PASSED] - setText(findTestObject("Login/TC-03/Page_Swag Labs/input_standard_userlocked_out_"), "asdrtfg"): Text 'asdrtfg' is set on object 'Object Repository/Login/TC-03/Page_Swag Labs/input_standard_userlocked_out_'

2022-08-10 01:53:49 - [MESSAGE][PASSED] - Text 'asdrtfg' is set on object 'Object Repository/Login/TC-03/Page_Swag Labs/input_standard_userlocked_out_'

2022-08-10 01:53:49 - [TEST_STEP][PASSED] - setEncryptedText(findTestObject("Login/TC-03/Page_Swag Labs/input_standard_userlocked_out__1"), "qcu24s4901FyWDTwXGr6XA=="): Text ****** has been set on object 'Object Repository/Login/TC-03/Page_Swag Labs/input_standard_userlocked_out__1'

2022-08-10 01:53:49 - [MESSAGE][PASSED] - Text ****** has been set on object 'Object Repository/Login/TC-03/Page_Swag Labs/input_standard_userlocked_out__1'

2022-08-10 01:53:49 - [TEST_STEP][PASSED] - click(findTestObject("Login/TC-03/Page_Swag Labs/input_standard_userlocked_out__3")): Object: 'Object Repository/Login/TC-03/Page_Swag Labs/input_standard_userlocked_out__3' is clicked on

2022-08-10 01:54:20 - [MESSAGE][INFO] - Unable to find the element located by 'By.xpath: //input[@value='LOGIN']'. Please recheck the objects properties to make sure the desired element is located. 

2022-08-10 01:54:20 - [MESSAGE][WARNING] - [SELF-HEALING] Failed to find element with id 'Object Repository/Login/TC-03/Page_Swag Labs/input_standard_userlocked_out__3'. Try using Self-healing.

2022-08-10 01:54:21 - [MESSAGE][WARNING] - [SELF-HEALING] The current locator of test object 'Object Repository/Login/TC-03/Page_Swag Labs/input_standard_userlocked_out__3' was broken. Propose an alternative one: '(.//*[normalize-space(text()) and normalize-space(.)='Accepted usernames are:'])[1]/preceding::input[1]'.

2022-08-10 01:54:21 - [MESSAGE][PASSED] - Object: 'Object Repository/Login/TC-03/Page_Swag Labs/input_standard_userlocked_out__3' is clicked on

2022-08-10 01:54:21 - [TEST_STEP][FAILED] - verifyElementPresent(findTestObject("TC-11/h3_Epic sadface Username and p"), 0): Unable to verify object is present (Root cause: com.kms.katalon.core.exception.StepFailedException: Unable to verify object is present
	at com.kms.katalon.core.webui.keyword.internal.WebUIKeywordMain.stepFailed(WebUIKeywordMain.groovy:64)
	at com.kms.katalon.core.webui.keyword.internal.WebUIKeywordMain.runKeyword(WebUIKeywordMain.groovy:26)
	at com.kms.katalon.core.webui.keyword.builtin.VerifyElementPresentKeyword.verifyElementPresent(VerifyElementPresentKeyword.groovy:92)
	at com.kms.katalon.core.webui.keyword.builtin.VerifyElementPresentKeyword.execute(VerifyElementPresentKeyword.groovy:68)
	at com.kms.katalon.core.keyword.internal.KeywordExecutor.executeKeywordForPlatform(KeywordExecutor.groovy:74)
	at com.kms.katalon.core.webui.keyword.WebUiBuiltInKeywords.verifyElementPresent(WebUiBuiltInKeywords.groovy:1464)
	at com.kms.katalon.core.webui.keyword.WebUiBuiltInKeywords$verifyElementPresent$5.call(Unknown Source)
	at TC-03 Input invalid Username and valid Password.run(TC-03 Input invalid Username and valid Password:26)
	at com.kms.katalon.core.main.ScriptEngine.run(ScriptEngine.java:194)
	at com.kms.katalon.core.main.ScriptEngine.runScriptAsRawText(ScriptEngine.java:119)
	at com.kms.katalon.core.main.TestCaseExecutor.runScript(TestCaseExecutor.java:445)
	at com.kms.katalon.core.main.TestCaseExecutor.doExecute(TestCaseExecutor.java:436)
	at com.kms.katalon.core.main.TestCaseExecutor.processExecutionPhase(TestCaseExecutor.java:415)
	at com.kms.katalon.core.main.TestCaseExecutor.accessMainPhase(TestCaseExecutor.java:407)
	at com.kms.katalon.core.main.TestCaseExecutor.execute(TestCaseExecutor.java:284)
	at com.kms.katalon.core.main.TestCaseExecutor.execute(TestCaseExecutor.java:366)
	at com.kms.katalon.core.main.TestCaseExecutor.execute(TestCaseExecutor.java:366)
	at com.kms.katalon.core.main.TestCaseExecutor.execute(TestCaseExecutor.java:366)
	at com.kms.katalon.core.common.CommonExecutor.accessTestCaseMainPhase(CommonExecutor.java:65)
	at com.kms.katalon.core.main.TestSuiteExecutor.accessTestSuiteMainPhase(TestSuiteExecutor.java:144)
	at com.kms.katalon.core.main.TestSuiteExecutor.execute(TestSuiteExecutor.java:106)
	at com.kms.katalon.core.main.TestCaseMain.startTestSuite(TestCaseMain.java:185)
	at com.kms.katalon.core.main.TestCaseMain$startTestSuite$0.call(Unknown Source)
	at TempTestSuite1660070807362.run(TempTestSuite1660070807362.groovy:36)
Caused by: java.lang.IllegalArgumentException: Object is null
	at com.kms.katalon.core.helper.KeywordHelper.checkTestObjectParameter(KeywordHelper.java:33)
	at com.kms.katalon.core.webui.keyword.builtin.VerifyElementPresentKeyword$_verifyElementPresent_closure1.doCall(VerifyElementPresentKeyword.groovy:76)
	at com.kms.katalon.core.webui.keyword.builtin.VerifyElementPresentKeyword$_verifyElementPresent_closure1.call(VerifyElementPresentKeyword.groovy)
	at com.kms.katalon.core.webui.keyword.internal.WebUIKeywordMain.runKeyword(WebUIKeywordMain.groovy:20)
	at com.kms.katalon.core.webui.keyword.builtin.VerifyElementPresentKeyword.verifyElementPresent(VerifyElementPresentKeyword.groovy:92)
	at com.kms.katalon.core.webui.keyword.builtin.VerifyElementPresentKeyword.execute(VerifyElementPresentKeyword.groovy:68)
	at com.kms.katalon.core.keyword.internal.KeywordExecutor.executeKeywordForPlatform(KeywordExecutor.groovy:74)
	at com.kms.katalon.core.webui.keyword.WebUiBuiltInKeywords.verifyElementPresent(WebUiBuiltInKeywords.groovy:1464)
	at com.kms.katalon.core.webui.keyword.WebUiBuiltInKeywords$verifyElementPresent$5.call(Unknown Source)
	at Script1560668988495.run(Script1560668988495.groovy:26)
	... 16 more
)

2022-08-10 01:54:21 - [MESSAGE][WARNING] - Test object with id 'Object Repository/TC-11/h3_Epic sadface Username and p' does not exist

2022-08-10 01:54:21 - [MESSAGE][WARNING] - Test object with id 'Object Repository/' does not exist

2022-08-10 01:54:21 - [MESSAGE][FAILED] - Unable to verify object is present (Root cause: com.kms.katalon.core.exception.StepFailedException: Unable to verify object is present
	at com.kms.katalon.core.webui.keyword.internal.WebUIKeywordMain.stepFailed(WebUIKeywordMain.groovy:64)
	at com.kms.katalon.core.webui.keyword.internal.WebUIKeywordMain.runKeyword(WebUIKeywordMain.groovy:26)
	at com.kms.katalon.core.webui.keyword.builtin.VerifyElementPresentKeyword.verifyElementPresent(VerifyElementPresentKeyword.groovy:92)
	at com.kms.katalon.core.webui.keyword.builtin.VerifyElementPresentKeyword.execute(VerifyElementPresentKeyword.groovy:68)
	at com.kms.katalon.core.keyword.internal.KeywordExecutor.executeKeywordForPlatform(KeywordExecutor.groovy:74)
	at com.kms.katalon.core.webui.keyword.WebUiBuiltInKeywords.verifyElementPresent(WebUiBuiltInKeywords.groovy:1464)
	at com.kms.katalon.core.webui.keyword.WebUiBuiltInKeywords$verifyElementPresent$5.call(Unknown Source)
	at TC-03 Input invalid Username and valid Password.run(TC-03 Input invalid Username and valid Password:26)
	at com.kms.katalon.core.main.ScriptEngine.run(ScriptEngine.java:194)
	at com.kms.katalon.core.main.ScriptEngine.runScriptAsRawText(ScriptEngine.java:119)
	at com.kms.katalon.core.main.TestCaseExecutor.runScript(TestCaseExecutor.java:445)
	at com.kms.katalon.core.main.TestCaseExecutor.doExecute(TestCaseExecutor.java:436)
	at com.kms.katalon.core.main.TestCaseExecutor.processExecutionPhase(TestCaseExecutor.java:415)
	at com.kms.katalon.core.main.TestCaseExecutor.accessMainPhase(TestCaseExecutor.java:407)
	at com.kms.katalon.core.main.TestCaseExecutor.execute(TestCaseExecutor.java:284)
	at com.kms.katalon.core.main.TestCaseExecutor.execute(TestCaseExecutor.java:366)
	at com.kms.katalon.core.main.TestCaseExecutor.execute(TestCaseExecutor.java:366)
	at com.kms.katalon.core.main.TestCaseExecutor.execute(TestCaseExecutor.java:366)
	at com.kms.katalon.core.common.CommonExecutor.accessTestCaseMainPhase(CommonExecutor.java:65)
	at com.kms.katalon.core.main.TestSuiteExecutor.accessTestSuiteMainPhase(TestSuiteExecutor.java:144)
	at com.kms.katalon.core.main.TestSuiteExecutor.execute(TestSuiteExecutor.java:106)
	at com.kms.katalon.core.main.TestCaseMain.startTestSuite(TestCaseMain.java:185)
	at com.kms.katalon.core.main.TestCaseMain$startTestSuite$0.call(Unknown Source)
	at TempTestSuite1660070807362.run(TempTestSuite1660070807362.groovy:36)
Caused by: java.lang.IllegalArgumentException: Object is null
	at com.kms.katalon.core.helper.KeywordHelper.checkTestObjectParameter(KeywordHelper.java:33)
	at com.kms.katalon.core.webui.keyword.builtin.VerifyElementPresentKeyword$_verifyElementPresent_closure1.doCall(VerifyElementPresentKeyword.groovy:76)
	at com.kms.katalon.core.webui.keyword.builtin.VerifyElementPresentKeyword$_verifyElementPresent_closure1.call(VerifyElementPresentKeyword.groovy)
	at com.kms.katalon.core.webui.keyword.internal.WebUIKeywordMain.runKeyword(WebUIKeywordMain.groovy:20)
	at com.kms.katalon.core.webui.keyword.builtin.VerifyElementPresentKeyword.verifyElementPresent(VerifyElementPresentKeyword.groovy:92)
	at com.kms.katalon.core.webui.keyword.builtin.VerifyElementPresentKeyword.execute(VerifyElementPresentKeyword.groovy:68)
	at com.kms.katalon.core.keyword.internal.KeywordExecutor.executeKeywordForPlatform(KeywordExecutor.groovy:74)
	at com.kms.katalon.core.webui.keyword.WebUiBuiltInKeywords.verifyElementPresent(WebUiBuiltInKeywords.groovy:1464)
	at com.kms.katalon.core.webui.keyword.WebUiBuiltInKeywords$verifyElementPresent$5.call(Unknown Source)
	at Script1560668988495.run(Script1560668988495.groovy:26)
	... 16 more
)
[[ATTACHMENT|C:\\Users\\WINDOWS 10\\Katalon Studio\\Saucedemo Test\\Saucedemo Test\\Reports\\20220810_014647\\TCS_login\\20220810_014647\\1660071261354.png]]]]></system-out>
         <system-err><![CDATA[2022-08-10 01:53:45 - [TEST_CASE][FAILED] - Test Cases/TC_Login/TC-03 Input invalid Username and valid Password: Test Cases/TC_Login/TC-03 Input invalid Username and valid Password FAILED.
Reason:
com.kms.katalon.core.exception.StepFailedException: Unable to verify object is present
	at com.kms.katalon.core.webui.keyword.internal.WebUIKeywordMain.stepFailed(WebUIKeywordMain.groovy:64)
	at com.kms.katalon.core.webui.keyword.internal.WebUIKeywordMain.runKeyword(WebUIKeywordMain.groovy:26)
	at com.kms.katalon.core.webui.keyword.builtin.VerifyElementPresentKeyword.verifyElementPresent(VerifyElementPresentKeyword.groovy:92)
	at com.kms.katalon.core.webui.keyword.builtin.VerifyElementPresentKeyword.execute(VerifyElementPresentKeyword.groovy:68)
	at com.kms.katalon.core.keyword.internal.KeywordExecutor.executeKeywordForPlatform(KeywordExecutor.groovy:74)
	at com.kms.katalon.core.webui.keyword.WebUiBuiltInKeywords.verifyElementPresent(WebUiBuiltInKeywords.groovy:1464)
	at com.kms.katalon.core.webui.keyword.WebUiBuiltInKeywords$verifyElementPresent$5.call(Unknown Source)
	at TC-03 Input invalid Username and valid Password.run(TC-03 Input invalid Username and valid Password:26)
	at com.kms.katalon.core.main.ScriptEngine.run(ScriptEngine.java:194)
	at com.kms.katalon.core.main.ScriptEngine.runScriptAsRawText(ScriptEngine.java:119)
	at com.kms.katalon.core.main.TestCaseExecutor.runScript(TestCaseExecutor.java:445)
	at com.kms.katalon.core.main.TestCaseExecutor.doExecute(TestCaseExecutor.java:436)
	at com.kms.katalon.core.main.TestCaseExecutor.processExecutionPhase(TestCaseExecutor.java:415)
	at com.kms.katalon.core.main.TestCaseExecutor.accessMainPhase(TestCaseExecutor.java:407)
	at com.kms.katalon.core.main.TestCaseExecutor.execute(TestCaseExecutor.java:284)
	at com.kms.katalon.core.main.TestCaseExecutor.execute(TestCaseExecutor.java:366)
	at com.kms.katalon.core.main.TestCaseExecutor.execute(TestCaseExecutor.java:366)
	at com.kms.katalon.core.main.TestCaseExecutor.execute(TestCaseExecutor.java:366)
	at com.kms.katalon.core.common.CommonExecutor.accessTestCaseMainPhase(CommonExecutor.java:65)
	at com.kms.katalon.core.main.TestSuiteExecutor.accessTestSuiteMainPhase(TestSuiteExecutor.java:144)
	at com.kms.katalon.core.main.TestSuiteExecutor.execute(TestSuiteExecutor.java:106)
	at com.kms.katalon.core.main.TestCaseMain.startTestSuite(TestCaseMain.java:185)
	at com.kms.katalon.core.main.TestCaseMain$startTestSuite$0.call(Unknown Source)
	at TempTestSuite1660070807362.run(TempTestSuite1660070807362.groovy:36)
Caused by: java.lang.IllegalArgumentException: Object is null
	at com.kms.katalon.core.helper.KeywordHelper.checkTestObjectParameter(KeywordHelper.java:33)
	at com.kms.katalon.core.webui.keyword.builtin.VerifyElementPresentKeyword$_verifyElementPresent_closure1.doCall(VerifyElementPresentKeyword.groovy:76)
	at com.kms.katalon.core.webui.keyword.builtin.VerifyElementPresentKeyword$_verifyElementPresent_closure1.call(VerifyElementPresentKeyword.groovy)
	at com.kms.katalon.core.webui.keyword.internal.WebUIKeywordMain.runKeyword(WebUIKeywordMain.groovy:20)
	... 22 more]]></system-err>
      </testcase>
      <testcase name="Test Cases/TC_Login/TC-04 Input invalid Username and invalid Password" time="66.987" classname="Test Cases/TC_Login/TC-04 Input invalid Username and invalid Password" status="FAILED">
         <failure type="FAILED" message="Test Cases/TC_Login/TC-04 Input invalid Username and invalid Password FAILED.
Reason:
com.kms.katalon.core.exception.StepFailedException: Unable to verify object 'Object Repository/Login/TC-04/Page_Swag Labs/h3_Epic sadface Username and p' is present
	at com.kms.katalon.core.webui.keyword.internal.WebUIKeywordMain.stepFailed(WebUIKeywordMain.groovy:64)
	at com.kms.katalon.core.webui.keyword.internal.WebUIKeywordMain.runKeyword(WebUIKeywordMain.groovy:26)
	at com.kms.katalon.core.webui.keyword.builtin.VerifyElementPresentKeyword.verifyElementPresent(VerifyElementPresentKeyword.groovy:92)
	at com.kms.katalon.core.webui.keyword.builtin.VerifyElementPresentKeyword.execute(VerifyElementPresentKeyword.groovy:68)
	at com.kms.katalon.core.keyword.internal.KeywordExecutor.executeKeywordForPlatform(KeywordExecutor.groovy:74)
	at com.kms.katalon.core.webui.keyword.WebUiBuiltInKeywords.verifyElementPresent(WebUiBuiltInKeywords.groovy:1464)
	at com.kms.katalon.core.webui.keyword.WebUiBuiltInKeywords$verifyElementPresent$5.call(Unknown Source)
	at TC-04 Input invalid Username and invalid Password.run(TC-04 Input invalid Username and invalid Password:26)
	at com.kms.katalon.core.main.ScriptEngine.run(ScriptEngine.java:194)
	at com.kms.katalon.core.main.ScriptEngine.runScriptAsRawText(ScriptEngine.java:119)
	at com.kms.katalon.core.main.TestCaseExecutor.runScript(TestCaseExecutor.java:445)
	at com.kms.katalon.core.main.TestCaseExecutor.doExecute(TestCaseExecutor.java:436)
	at com.kms.katalon.core.main.TestCaseExecutor.processExecutionPhase(TestCaseExecutor.java:415)
	at com.kms.katalon.core.main.TestCaseExecutor.accessMainPhase(TestCaseExecutor.java:407)
	at com.kms.katalon.core.main.TestCaseExecutor.execute(TestCaseExecutor.java:284)
	at com.kms.katalon.core.main.TestCaseExecutor.execute(TestCaseExecutor.java:366)
	at com.kms.katalon.core.main.TestCaseExecutor.execute(TestCaseExecutor.java:366)
	at com.kms.katalon.core.main.TestCaseExecutor.execute(TestCaseExecutor.java:366)
	at com.kms.katalon.core.common.CommonExecutor.accessTestCaseMainPhase(CommonExecutor.java:65)
	at com.kms.katalon.core.main.TestSuiteExecutor.accessTestSuiteMainPhase(TestSuiteExecutor.java:144)
	at com.kms.katalon.core.main.TestSuiteExecutor.execute(TestSuiteExecutor.java:106)
	at com.kms.katalon.core.main.TestCaseMain.startTestSuite(TestCaseMain.java:185)
	at com.kms.katalon.core.main.TestCaseMain$startTestSuite$0.call(Unknown Source)
	at TempTestSuite1660070807362.run(TempTestSuite1660070807362.groovy:36)
Caused by: com.kms.katalon.core.exception.StepFailedException: com.kms.katalon.core.webui.exception.WebElementNotFoundException: Web element with id: 'Object Repository/Login/TC-04/Page_Swag Labs/h3_Epic sadface Username and p' located by '//div[@id='login_button_container']/div/form/h3' not found
	at com.kms.katalon.core.webui.keyword.internal.WebUIKeywordMain.stepFailed(WebUIKeywordMain.groovy:64)
	at com.kms.katalon.core.webui.keyword.builtin.VerifyElementPresentKeyword$_verifyElementPresent_closure1.doCall(VerifyElementPresentKeyword.groovy:85)
	at com.kms.katalon.core.webui.keyword.builtin.VerifyElementPresentKeyword$_verifyElementPresent_closure1.call(VerifyElementPresentKeyword.groovy)
	at com.kms.katalon.core.webui.keyword.internal.WebUIKeywordMain.runKeyword(WebUIKeywordMain.groovy:20)
	... 22 more
"/>
         <system-out><![CDATA[2022-08-10 01:57:44 - [TEST_CASE][FAILED] - Test Cases/TC_Login/TC-04 Input invalid Username and invalid Password: Test Cases/TC_Login/TC-04 Input invalid Username and invalid Password FAILED.
Reason:
com.kms.katalon.core.exception.StepFailedException: Unable to verify object 'Object Repository/Login/TC-04/Page_Swag Labs/h3_Epic sadface Username and p' is present
	at com.kms.katalon.core.webui.keyword.internal.WebUIKeywordMain.stepFailed(WebUIKeywordMain.groovy:64)
	at com.kms.katalon.core.webui.keyword.internal.WebUIKeywordMain.runKeyword(WebUIKeywordMain.groovy:26)
	at com.kms.katalon.core.webui.keyword.builtin.VerifyElementPresentKeyword.verifyElementPresent(VerifyElementPresentKeyword.groovy:92)
	at com.kms.katalon.core.webui.keyword.builtin.VerifyElementPresentKeyword.execute(VerifyElementPresentKeyword.groovy:68)
	at com.kms.katalon.core.keyword.internal.KeywordExecutor.executeKeywordForPlatform(KeywordExecutor.groovy:74)
	at com.kms.katalon.core.webui.keyword.WebUiBuiltInKeywords.verifyElementPresent(WebUiBuiltInKeywords.groovy:1464)
	at com.kms.katalon.core.webui.keyword.WebUiBuiltInKeywords$verifyElementPresent$5.call(Unknown Source)
	at TC-04 Input invalid Username and invalid Password.run(TC-04 Input invalid Username and invalid Password:26)
	at com.kms.katalon.core.main.ScriptEngine.run(ScriptEngine.java:194)
	at com.kms.katalon.core.main.ScriptEngine.runScriptAsRawText(ScriptEngine.java:119)
	at com.kms.katalon.core.main.TestCaseExecutor.runScript(TestCaseExecutor.java:445)
	at com.kms.katalon.core.main.TestCaseExecutor.doExecute(TestCaseExecutor.java:436)
	at com.kms.katalon.core.main.TestCaseExecutor.processExecutionPhase(TestCaseExecutor.java:415)
	at com.kms.katalon.core.main.TestCaseExecutor.accessMainPhase(TestCaseExecutor.java:407)
	at com.kms.katalon.core.main.TestCaseExecutor.execute(TestCaseExecutor.java:284)
	at com.kms.katalon.core.main.TestCaseExecutor.execute(TestCaseExecutor.java:366)
	at com.kms.katalon.core.main.TestCaseExecutor.execute(TestCaseExecutor.java:366)
	at com.kms.katalon.core.main.TestCaseExecutor.execute(TestCaseExecutor.java:366)
	at com.kms.katalon.core.common.CommonExecutor.accessTestCaseMainPhase(CommonExecutor.java:65)
	at com.kms.katalon.core.main.TestSuiteExecutor.accessTestSuiteMainPhase(TestSuiteExecutor.java:144)
	at com.kms.katalon.core.main.TestSuiteExecutor.execute(TestSuiteExecutor.java:106)
	at com.kms.katalon.core.main.TestCaseMain.startTestSuite(TestCaseMain.java:185)
	at com.kms.katalon.core.main.TestCaseMain$startTestSuite$0.call(Unknown Source)
	at TempTestSuite1660070807362.run(TempTestSuite1660070807362.groovy:36)
Caused by: com.kms.katalon.core.exception.StepFailedException: com.kms.katalon.core.webui.exception.WebElementNotFoundException: Web element with id: 'Object Repository/Login/TC-04/Page_Swag Labs/h3_Epic sadface Username and p' located by '//div[@id='login_button_container']/div/form/h3' not found
	at com.kms.katalon.core.webui.keyword.internal.WebUIKeywordMain.stepFailed(WebUIKeywordMain.groovy:64)
	at com.kms.katalon.core.webui.keyword.builtin.VerifyElementPresentKeyword$_verifyElementPresent_closure1.doCall(VerifyElementPresentKeyword.groovy:85)
	at com.kms.katalon.core.webui.keyword.builtin.VerifyElementPresentKeyword$_verifyElementPresent_closure1.call(VerifyElementPresentKeyword.groovy)
	at com.kms.katalon.core.webui.keyword.internal.WebUIKeywordMain.runKeyword(WebUIKeywordMain.groovy:20)
	... 22 more


2022-08-10 01:57:44 - [TEST_STEP][PASSED] - openBrowser(""): Browser is opened with url: ''

2022-08-10 01:57:44 - [MESSAGE][WARNING] - A browser is already opened. Closing browser and opening a new one

2022-08-10 01:57:45 - [MESSAGE][INFO] - Starting 'Chrome' driver

2022-08-10 01:57:45 - [MESSAGE][INFO] - Action delay is set to 0 milliseconds

2022-08-10 01:57:46 - [MESSAGE][PASSED] - Browser is opened with url: ''

2022-08-10 01:57:46 - [TEST_STEP][PASSED] - navigateToUrl("https://www.saucedemo.com/"): Navigate to 'https://www.saucedemo.com/' successfully

2022-08-10 01:57:47 - [MESSAGE][PASSED] - Navigate to 'https://www.saucedemo.com/' successfully

2022-08-10 01:57:47 - [TEST_STEP][PASSED] - setText(findTestObject("Login/TC-04/Page_Swag Labs/input_standard_userlocked_out_"), "Dummy"): Text 'Dummy' is set on object 'Object Repository/Login/TC-04/Page_Swag Labs/input_standard_userlocked_out_'

2022-08-10 01:57:47 - [MESSAGE][PASSED] - Text 'Dummy' is set on object 'Object Repository/Login/TC-04/Page_Swag Labs/input_standard_userlocked_out_'

2022-08-10 01:57:47 - [TEST_STEP][PASSED] - setText(findTestObject("Login/TC-04/Page_Swag Labs/input_standard_userlocked_out__1"), "Dummy_invalid"): Text 'Dummy_invalid' is set on object 'Object Repository/Login/TC-04/Page_Swag Labs/input_standard_userlocked_out__1'

2022-08-10 01:57:48 - [MESSAGE][PASSED] - Text 'Dummy_invalid' is set on object 'Object Repository/Login/TC-04/Page_Swag Labs/input_standard_userlocked_out__1'

2022-08-10 01:57:48 - [TEST_STEP][PASSED] - click(findTestObject("Login/TC-04/Page_Swag Labs/input_standard_userlocked_out__16")): Object: 'Object Repository/Login/TC-04/Page_Swag Labs/input_standard_userlocked_out__16' is clicked on

2022-08-10 01:58:19 - [MESSAGE][INFO] - Unable to find the element located by 'By.xpath: //input[@value='LOGIN']'. Please recheck the objects properties to make sure the desired element is located. 

2022-08-10 01:58:19 - [MESSAGE][WARNING] - [SELF-HEALING] Failed to find element with id 'Object Repository/Login/TC-04/Page_Swag Labs/input_standard_userlocked_out__16'. Try using Self-healing.

2022-08-10 01:58:20 - [MESSAGE][WARNING] - [SELF-HEALING] The current locator of test object 'Object Repository/Login/TC-04/Page_Swag Labs/input_standard_userlocked_out__16' was broken. Propose an alternative one: '(.//*[normalize-space(text()) and normalize-space(.)='Accepted usernames are:'])[1]/preceding::input[1]'.

2022-08-10 01:58:20 - [MESSAGE][PASSED] - Object: 'Object Repository/Login/TC-04/Page_Swag Labs/input_standard_userlocked_out__16' is clicked on

2022-08-10 01:58:20 - [TEST_STEP][FAILED] - verifyElementPresent(findTestObject("Login/TC-04/Page_Swag Labs/h3_Epic sadface Username and p"), 0): Unable to verify object 'Object Repository/Login/TC-04/Page_Swag Labs/h3_Epic sadface Username and p' is present (Root cause: com.kms.katalon.core.exception.StepFailedException: Unable to verify object 'Object Repository/Login/TC-04/Page_Swag Labs/h3_Epic sadface Username and p' is present
	at com.kms.katalon.core.webui.keyword.internal.WebUIKeywordMain.stepFailed(WebUIKeywordMain.groovy:64)
	at com.kms.katalon.core.webui.keyword.internal.WebUIKeywordMain.runKeyword(WebUIKeywordMain.groovy:26)
	at com.kms.katalon.core.webui.keyword.builtin.VerifyElementPresentKeyword.verifyElementPresent(VerifyElementPresentKeyword.groovy:92)
	at com.kms.katalon.core.webui.keyword.builtin.VerifyElementPresentKeyword.execute(VerifyElementPresentKeyword.groovy:68)
	at com.kms.katalon.core.keyword.internal.KeywordExecutor.executeKeywordForPlatform(KeywordExecutor.groovy:74)
	at com.kms.katalon.core.webui.keyword.WebUiBuiltInKeywords.verifyElementPresent(WebUiBuiltInKeywords.groovy:1464)
	at com.kms.katalon.core.webui.keyword.WebUiBuiltInKeywords$verifyElementPresent$5.call(Unknown Source)
	at TC-04 Input invalid Username and invalid Password.run(TC-04 Input invalid Username and invalid Password:26)
	at com.kms.katalon.core.main.ScriptEngine.run(ScriptEngine.java:194)
	at com.kms.katalon.core.main.ScriptEngine.runScriptAsRawText(ScriptEngine.java:119)
	at com.kms.katalon.core.main.TestCaseExecutor.runScript(TestCaseExecutor.java:445)
	at com.kms.katalon.core.main.TestCaseExecutor.doExecute(TestCaseExecutor.java:436)
	at com.kms.katalon.core.main.TestCaseExecutor.processExecutionPhase(TestCaseExecutor.java:415)
	at com.kms.katalon.core.main.TestCaseExecutor.accessMainPhase(TestCaseExecutor.java:407)
	at com.kms.katalon.core.main.TestCaseExecutor.execute(TestCaseExecutor.java:284)
	at com.kms.katalon.core.main.TestCaseExecutor.execute(TestCaseExecutor.java:366)
	at com.kms.katalon.core.main.TestCaseExecutor.execute(TestCaseExecutor.java:366)
	at com.kms.katalon.core.main.TestCaseExecutor.execute(TestCaseExecutor.java:366)
	at com.kms.katalon.core.common.CommonExecutor.accessTestCaseMainPhase(CommonExecutor.java:65)
	at com.kms.katalon.core.main.TestSuiteExecutor.accessTestSuiteMainPhase(TestSuiteExecutor.java:144)
	at com.kms.katalon.core.main.TestSuiteExecutor.execute(TestSuiteExecutor.java:106)
	at com.kms.katalon.core.main.TestCaseMain.startTestSuite(TestCaseMain.java:185)
	at com.kms.katalon.core.main.TestCaseMain$startTestSuite$0.call(Unknown Source)
	at TempTestSuite1660070807362.run(TempTestSuite1660070807362.groovy:36)
Caused by: com.kms.katalon.core.exception.StepFailedException: com.kms.katalon.core.webui.exception.WebElementNotFoundException: Web element with id: 'Object Repository/Login/TC-04/Page_Swag Labs/h3_Epic sadface Username and p' located by '//div[@id='login_button_container']/div/form/h3' not found
	at com.kms.katalon.core.webui.keyword.internal.WebUIKeywordMain.stepFailed(WebUIKeywordMain.groovy:64)
	at com.kms.katalon.core.webui.keyword.builtin.VerifyElementPresentKeyword$_verifyElementPresent_closure1.doCall(VerifyElementPresentKeyword.groovy:85)
	at com.kms.katalon.core.webui.keyword.builtin.VerifyElementPresentKeyword$_verifyElementPresent_closure1.call(VerifyElementPresentKeyword.groovy)
	at com.kms.katalon.core.webui.keyword.internal.WebUIKeywordMain.runKeyword(WebUIKeywordMain.groovy:20)
	... 22 more
)

2022-08-10 01:58:20 - [MESSAGE][WARNING] - Timeout '0' is invalid. Using default page load timeout: '30'

2022-08-10 01:58:51 - [MESSAGE][INFO] - Unable to find the element located by 'By.xpath: //div[@id='login_button_container']/div/form/h3'. Please recheck the objects properties to make sure the desired element is located. 

2022-08-10 01:58:51 - [MESSAGE][FAILED] - com.kms.katalon.core.webui.exception.WebElementNotFoundException: Web element with id: 'Object Repository/Login/TC-04/Page_Swag Labs/h3_Epic sadface Username and p' located by '//div[@id='login_button_container']/div/form/h3' not found (Root cause: com.kms.katalon.core.exception.StepFailedException: com.kms.katalon.core.webui.exception.WebElementNotFoundException: Web element with id: 'Object Repository/Login/TC-04/Page_Swag Labs/h3_Epic sadface Username and p' located by '//div[@id='login_button_container']/div/form/h3' not found
	at com.kms.katalon.core.webui.keyword.internal.WebUIKeywordMain.stepFailed(WebUIKeywordMain.groovy:64)
	at com.kms.katalon.core.webui.keyword.builtin.VerifyElementPresentKeyword$_verifyElementPresent_closure1.doCall(VerifyElementPresentKeyword.groovy:85)
	at com.kms.katalon.core.webui.keyword.builtin.VerifyElementPresentKeyword$_verifyElementPresent_closure1.call(VerifyElementPresentKeyword.groovy)
	at com.kms.katalon.core.webui.keyword.internal.WebUIKeywordMain.runKeyword(WebUIKeywordMain.groovy:20)
	at com.kms.katalon.core.webui.keyword.builtin.VerifyElementPresentKeyword.verifyElementPresent(VerifyElementPresentKeyword.groovy:92)
	at com.kms.katalon.core.webui.keyword.builtin.VerifyElementPresentKeyword.execute(VerifyElementPresentKeyword.groovy:68)
	at com.kms.katalon.core.keyword.internal.KeywordExecutor.executeKeywordForPlatform(KeywordExecutor.groovy:74)
	at com.kms.katalon.core.webui.keyword.WebUiBuiltInKeywords.verifyElementPresent(WebUiBuiltInKeywords.groovy:1464)
	at com.kms.katalon.core.webui.keyword.WebUiBuiltInKeywords$verifyElementPresent$5.call(Unknown Source)
	at TC-04 Input invalid Username and invalid Password.run(TC-04 Input invalid Username and invalid Password:26)
	at com.kms.katalon.core.main.ScriptEngine.run(ScriptEngine.java:194)
	at com.kms.katalon.core.main.ScriptEngine.runScriptAsRawText(ScriptEngine.java:119)
	at com.kms.katalon.core.main.TestCaseExecutor.runScript(TestCaseExecutor.java:445)
	at com.kms.katalon.core.main.TestCaseExecutor.doExecute(TestCaseExecutor.java:436)
	at com.kms.katalon.core.main.TestCaseExecutor.processExecutionPhase(TestCaseExecutor.java:415)
	at com.kms.katalon.core.main.TestCaseExecutor.accessMainPhase(TestCaseExecutor.java:407)
	at com.kms.katalon.core.main.TestCaseExecutor.execute(TestCaseExecutor.java:284)
	at com.kms.katalon.core.main.TestCaseExecutor.execute(TestCaseExecutor.java:366)
	at com.kms.katalon.core.main.TestCaseExecutor.execute(TestCaseExecutor.java:366)
	at com.kms.katalon.core.main.TestCaseExecutor.execute(TestCaseExecutor.java:366)
	at com.kms.katalon.core.common.CommonExecutor.accessTestCaseMainPhase(CommonExecutor.java:65)
	at com.kms.katalon.core.main.TestSuiteExecutor.accessTestSuiteMainPhase(TestSuiteExecutor.java:144)
	at com.kms.katalon.core.main.TestSuiteExecutor.execute(TestSuiteExecutor.java:106)
	at com.kms.katalon.core.main.TestCaseMain.startTestSuite(TestCaseMain.java:185)
	at com.kms.katalon.core.main.TestCaseMain$startTestSuite$0.call(Unknown Source)
	at TempTestSuite1660070807362.run(TempTestSuite1660070807362.groovy:36)
)
[[ATTACHMENT|C:\\Users\\WINDOWS 10\\Katalon Studio\\Saucedemo Test\\Saucedemo Test\\Reports\\20220810_014647\\TCS_login\\20220810_014647\\1660071531432.png]]

2022-08-10 01:58:51 - [MESSAGE][FAILED] - Unable to verify object 'Object Repository/Login/TC-04/Page_Swag Labs/h3_Epic sadface Username and p' is present (Root cause: com.kms.katalon.core.exception.StepFailedException: Unable to verify object 'Object Repository/Login/TC-04/Page_Swag Labs/h3_Epic sadface Username and p' is present
	at com.kms.katalon.core.webui.keyword.internal.WebUIKeywordMain.stepFailed(WebUIKeywordMain.groovy:64)
	at com.kms.katalon.core.webui.keyword.internal.WebUIKeywordMain.runKeyword(WebUIKeywordMain.groovy:26)
	at com.kms.katalon.core.webui.keyword.builtin.VerifyElementPresentKeyword.verifyElementPresent(VerifyElementPresentKeyword.groovy:92)
	at com.kms.katalon.core.webui.keyword.builtin.VerifyElementPresentKeyword.execute(VerifyElementPresentKeyword.groovy:68)
	at com.kms.katalon.core.keyword.internal.KeywordExecutor.executeKeywordForPlatform(KeywordExecutor.groovy:74)
	at com.kms.katalon.core.webui.keyword.WebUiBuiltInKeywords.verifyElementPresent(WebUiBuiltInKeywords.groovy:1464)
	at com.kms.katalon.core.webui.keyword.WebUiBuiltInKeywords$verifyElementPresent$5.call(Unknown Source)
	at TC-04 Input invalid Username and invalid Password.run(TC-04 Input invalid Username and invalid Password:26)
	at com.kms.katalon.core.main.ScriptEngine.run(ScriptEngine.java:194)
	at com.kms.katalon.core.main.ScriptEngine.runScriptAsRawText(ScriptEngine.java:119)
	at com.kms.katalon.core.main.TestCaseExecutor.runScript(TestCaseExecutor.java:445)
	at com.kms.katalon.core.main.TestCaseExecutor.doExecute(TestCaseExecutor.java:436)
	at com.kms.katalon.core.main.TestCaseExecutor.processExecutionPhase(TestCaseExecutor.java:415)
	at com.kms.katalon.core.main.TestCaseExecutor.accessMainPhase(TestCaseExecutor.java:407)
	at com.kms.katalon.core.main.TestCaseExecutor.execute(TestCaseExecutor.java:284)
	at com.kms.katalon.core.main.TestCaseExecutor.execute(TestCaseExecutor.java:366)
	at com.kms.katalon.core.main.TestCaseExecutor.execute(TestCaseExecutor.java:366)
	at com.kms.katalon.core.main.TestCaseExecutor.execute(TestCaseExecutor.java:366)
	at com.kms.katalon.core.common.CommonExecutor.accessTestCaseMainPhase(CommonExecutor.java:65)
	at com.kms.katalon.core.main.TestSuiteExecutor.accessTestSuiteMainPhase(TestSuiteExecutor.java:144)
	at com.kms.katalon.core.main.TestSuiteExecutor.execute(TestSuiteExecutor.java:106)
	at com.kms.katalon.core.main.TestCaseMain.startTestSuite(TestCaseMain.java:185)
	at com.kms.katalon.core.main.TestCaseMain$startTestSuite$0.call(Unknown Source)
	at TempTestSuite1660070807362.run(TempTestSuite1660070807362.groovy:36)
Caused by: com.kms.katalon.core.exception.StepFailedException: com.kms.katalon.core.webui.exception.WebElementNotFoundException: Web element with id: 'Object Repository/Login/TC-04/Page_Swag Labs/h3_Epic sadface Username and p' located by '//div[@id='login_button_container']/div/form/h3' not found
	at com.kms.katalon.core.webui.keyword.internal.WebUIKeywordMain.stepFailed(WebUIKeywordMain.groovy:64)
	at com.kms.katalon.core.webui.keyword.builtin.VerifyElementPresentKeyword$_verifyElementPresent_closure1.doCall(VerifyElementPresentKeyword.groovy:85)
	at com.kms.katalon.core.webui.keyword.builtin.VerifyElementPresentKeyword$_verifyElementPresent_closure1.call(VerifyElementPresentKeyword.groovy)
	at com.kms.katalon.core.webui.keyword.internal.WebUIKeywordMain.runKeyword(WebUIKeywordMain.groovy:20)
	... 22 more
)
[[ATTACHMENT|C:\\Users\\WINDOWS 10\\Katalon Studio\\Saucedemo Test\\Saucedemo Test\\Reports\\20220810_014647\\TCS_login\\20220810_014647\\1660071531563.png]]]]></system-out>
         <system-err><![CDATA[2022-08-10 01:57:44 - [TEST_CASE][FAILED] - Test Cases/TC_Login/TC-04 Input invalid Username and invalid Password: Test Cases/TC_Login/TC-04 Input invalid Username and invalid Password FAILED.
Reason:
com.kms.katalon.core.exception.StepFailedException: Unable to verify object 'Object Repository/Login/TC-04/Page_Swag Labs/h3_Epic sadface Username and p' is present
	at com.kms.katalon.core.webui.keyword.internal.WebUIKeywordMain.stepFailed(WebUIKeywordMain.groovy:64)
	at com.kms.katalon.core.webui.keyword.internal.WebUIKeywordMain.runKeyword(WebUIKeywordMain.groovy:26)
	at com.kms.katalon.core.webui.keyword.builtin.VerifyElementPresentKeyword.verifyElementPresent(VerifyElementPresentKeyword.groovy:92)
	at com.kms.katalon.core.webui.keyword.builtin.VerifyElementPresentKeyword.execute(VerifyElementPresentKeyword.groovy:68)
	at com.kms.katalon.core.keyword.internal.KeywordExecutor.executeKeywordForPlatform(KeywordExecutor.groovy:74)
	at com.kms.katalon.core.webui.keyword.WebUiBuiltInKeywords.verifyElementPresent(WebUiBuiltInKeywords.groovy:1464)
	at com.kms.katalon.core.webui.keyword.WebUiBuiltInKeywords$verifyElementPresent$5.call(Unknown Source)
	at TC-04 Input invalid Username and invalid Password.run(TC-04 Input invalid Username and invalid Password:26)
	at com.kms.katalon.core.main.ScriptEngine.run(ScriptEngine.java:194)
	at com.kms.katalon.core.main.ScriptEngine.runScriptAsRawText(ScriptEngine.java:119)
	at com.kms.katalon.core.main.TestCaseExecutor.runScript(TestCaseExecutor.java:445)
	at com.kms.katalon.core.main.TestCaseExecutor.doExecute(TestCaseExecutor.java:436)
	at com.kms.katalon.core.main.TestCaseExecutor.processExecutionPhase(TestCaseExecutor.java:415)
	at com.kms.katalon.core.main.TestCaseExecutor.accessMainPhase(TestCaseExecutor.java:407)
	at com.kms.katalon.core.main.TestCaseExecutor.execute(TestCaseExecutor.java:284)
	at com.kms.katalon.core.main.TestCaseExecutor.execute(TestCaseExecutor.java:366)
	at com.kms.katalon.core.main.TestCaseExecutor.execute(TestCaseExecutor.java:366)
	at com.kms.katalon.core.main.TestCaseExecutor.execute(TestCaseExecutor.java:366)
	at com.kms.katalon.core.common.CommonExecutor.accessTestCaseMainPhase(CommonExecutor.java:65)
	at com.kms.katalon.core.main.TestSuiteExecutor.accessTestSuiteMainPhase(TestSuiteExecutor.java:144)
	at com.kms.katalon.core.main.TestSuiteExecutor.execute(TestSuiteExecutor.java:106)
	at com.kms.katalon.core.main.TestCaseMain.startTestSuite(TestCaseMain.java:185)
	at com.kms.katalon.core.main.TestCaseMain$startTestSuite$0.call(Unknown Source)
	at TempTestSuite1660070807362.run(TempTestSuite1660070807362.groovy:36)
Caused by: com.kms.katalon.core.exception.StepFailedException: com.kms.katalon.core.webui.exception.WebElementNotFoundException: Web element with id: 'Object Repository/Login/TC-04/Page_Swag Labs/h3_Epic sadface Username and p' located by '//div[@id='login_button_container']/div/form/h3' not found
	at com.kms.katalon.core.webui.keyword.internal.WebUIKeywordMain.stepFailed(WebUIKeywordMain.groovy:64)
	at com.kms.katalon.core.webui.keyword.builtin.VerifyElementPresentKeyword$_verifyElementPresent_closure1.doCall(VerifyElementPresentKeyword.groovy:85)
	at com.kms.katalon.core.webui.keyword.builtin.VerifyElementPresentKeyword$_verifyElementPresent_closure1.call(VerifyElementPresentKeyword.groovy)
	at com.kms.katalon.core.webui.keyword.internal.WebUIKeywordMain.runKeyword(WebUIKeywordMain.groovy:20)
	... 22 more]]></system-err>
      </testcase>
      <system-out><![CDATA[2022-08-10 01:46:49 - [TEST_SUITE][FAILED] - TCS_login: Test Cases/TC_Login/TC-02 Input valid Username and invalid Password FAILED.
Reason:
com.kms.katalon.core.exception.StepFailedException: Unable to verify object 'Object Repository/Login/TC-02/Page_Swag Labs/h3_Epic sadface Username and p' is present
	at com.kms.katalon.core.webui.keyword.internal.WebUIKeywordMain.stepFailed(WebUIKeywordMain.groovy:64)
	at com.kms.katalon.core.webui.keyword.internal.WebUIKeywordMain.runKeyword(WebUIKeywordMain.groovy:26)
	at com.kms.katalon.core.webui.keyword.builtin.VerifyElementPresentKeyword.verifyElementPresent(VerifyElementPresentKeyword.groovy:92)
	at com.kms.katalon.core.webui.keyword.builtin.VerifyElementPresentKeyword.execute(VerifyElementPresentKeyword.groovy:68)
	at com.kms.katalon.core.keyword.internal.KeywordExecutor.executeKeywordForPlatform(KeywordExecutor.groovy:74)
	at com.kms.katalon.core.webui.keyword.WebUiBuiltInKeywords.verifyElementPresent(WebUiBuiltInKeywords.groovy:1464)
	at com.kms.katalon.core.webui.keyword.WebUiBuiltInKeywords$verifyElementPresent$5.call(Unknown Source)
	at TC-02 Input valid Username and invalid Password.run(TC-02 Input valid Username and invalid Password:28)
	at com.kms.katalon.core.main.ScriptEngine.run(ScriptEngine.java:194)
	at com.kms.katalon.core.main.ScriptEngine.runScriptAsRawText(ScriptEngine.java:119)
	at com.kms.katalon.core.main.TestCaseExecutor.runScript(TestCaseExecutor.java:445)
	at com.kms.katalon.core.main.TestCaseExecutor.doExecute(TestCaseExecutor.java:436)
	at com.kms.katalon.core.main.TestCaseExecutor.processExecutionPhase(TestCaseExecutor.java:415)
	at com.kms.katalon.core.main.TestCaseExecutor.accessMainPhase(TestCaseExecutor.java:407)
	at com.kms.katalon.core.main.TestCaseExecutor.execute(TestCaseExecutor.java:284)
	at com.kms.katalon.core.common.CommonExecutor.accessTestCaseMainPhase(CommonExecutor.java:65)
	at com.kms.katalon.core.main.TestSuiteExecutor.accessTestSuiteMainPhase(TestSuiteExecutor.java:144)
	at com.kms.katalon.core.main.TestSuiteExecutor.execute(TestSuiteExecutor.java:106)
	at com.kms.katalon.core.main.TestCaseMain.startTestSuite(TestCaseMain.java:185)
	at com.kms.katalon.core.main.TestCaseMain$startTestSuite$0.call(Unknown Source)
	at TempTestSuite1660070807362.run(TempTestSuite1660070807362.groovy:36)
Caused by: com.kms.katalon.core.exception.StepFailedException: com.kms.katalon.core.webui.exception.WebElementNotFoundException: Web element with id: 'Object Repository/Login/TC-02/Page_Swag Labs/h3_Epic sadface Username and p' located by '//div[@id='login_button_container']/div/form/h3' not found
	at com.kms.katalon.core.webui.keyword.internal.WebUIKeywordMain.stepFailed(WebUIKeywordMain.groovy:64)
	at com.kms.katalon.core.webui.keyword.builtin.VerifyElementPresentKeyword$_verifyElementPresent_closure1.doCall(VerifyElementPresentKeyword.groovy:85)
	at com.kms.katalon.core.webui.keyword.builtin.VerifyElementPresentKeyword$_verifyElementPresent_closure1.call(VerifyElementPresentKeyword.groovy)
	at com.kms.katalon.core.webui.keyword.internal.WebUIKeywordMain.runKeyword(WebUIKeywordMain.groovy:20)
	... 19 more]]></system-out>
      <system-err><![CDATA[2022-08-10 01:46:49 - [TEST_SUITE][FAILED] - TCS_login: Test Cases/TC_Login/TC-02 Input valid Username and invalid Password FAILED.
Reason:
com.kms.katalon.core.exception.StepFailedException: Unable to verify object 'Object Repository/Login/TC-02/Page_Swag Labs/h3_Epic sadface Username and p' is present
	at com.kms.katalon.core.webui.keyword.internal.WebUIKeywordMain.stepFailed(WebUIKeywordMain.groovy:64)
	at com.kms.katalon.core.webui.keyword.internal.WebUIKeywordMain.runKeyword(WebUIKeywordMain.groovy:26)
	at com.kms.katalon.core.webui.keyword.builtin.VerifyElementPresentKeyword.verifyElementPresent(VerifyElementPresentKeyword.groovy:92)
	at com.kms.katalon.core.webui.keyword.builtin.VerifyElementPresentKeyword.execute(VerifyElementPresentKeyword.groovy:68)
	at com.kms.katalon.core.keyword.internal.KeywordExecutor.executeKeywordForPlatform(KeywordExecutor.groovy:74)
	at com.kms.katalon.core.webui.keyword.WebUiBuiltInKeywords.verifyElementPresent(WebUiBuiltInKeywords.groovy:1464)
	at com.kms.katalon.core.webui.keyword.WebUiBuiltInKeywords$verifyElementPresent$5.call(Unknown Source)
	at TC-02 Input valid Username and invalid Password.run(TC-02 Input valid Username and invalid Password:28)
	at com.kms.katalon.core.main.ScriptEngine.run(ScriptEngine.java:194)
	at com.kms.katalon.core.main.ScriptEngine.runScriptAsRawText(ScriptEngine.java:119)
	at com.kms.katalon.core.main.TestCaseExecutor.runScript(TestCaseExecutor.java:445)
	at com.kms.katalon.core.main.TestCaseExecutor.doExecute(TestCaseExecutor.java:436)
	at com.kms.katalon.core.main.TestCaseExecutor.processExecutionPhase(TestCaseExecutor.java:415)
	at com.kms.katalon.core.main.TestCaseExecutor.accessMainPhase(TestCaseExecutor.java:407)
	at com.kms.katalon.core.main.TestCaseExecutor.execute(TestCaseExecutor.java:284)
	at com.kms.katalon.core.common.CommonExecutor.accessTestCaseMainPhase(CommonExecutor.java:65)
	at com.kms.katalon.core.main.TestSuiteExecutor.accessTestSuiteMainPhase(TestSuiteExecutor.java:144)
	at com.kms.katalon.core.main.TestSuiteExecutor.execute(TestSuiteExecutor.java:106)
	at com.kms.katalon.core.main.TestCaseMain.startTestSuite(TestCaseMain.java:185)
	at com.kms.katalon.core.main.TestCaseMain$startTestSuite$0.call(Unknown Source)
	at TempTestSuite1660070807362.run(TempTestSuite1660070807362.groovy:36)
Caused by: com.kms.katalon.core.exception.StepFailedException: com.kms.katalon.core.webui.exception.WebElementNotFoundException: Web element with id: 'Object Repository/Login/TC-02/Page_Swag Labs/h3_Epic sadface Username and p' located by '//div[@id='login_button_container']/div/form/h3' not found
	at com.kms.katalon.core.webui.keyword.internal.WebUIKeywordMain.stepFailed(WebUIKeywordMain.groovy:64)
	at com.kms.katalon.core.webui.keyword.builtin.VerifyElementPresentKeyword$_verifyElementPresent_closure1.doCall(VerifyElementPresentKeyword.groovy:85)
	at com.kms.katalon.core.webui.keyword.builtin.VerifyElementPresentKeyword$_verifyElementPresent_closure1.call(VerifyElementPresentKeyword.groovy)
	at com.kms.katalon.core.webui.keyword.internal.WebUIKeywordMain.runKeyword(WebUIKeywordMain.groovy:20)
	... 19 more]]></system-err>
   </testsuite>
</testsuites>
